<?xml version="1.0" encoding="UTF-8"?>
<testsuite xmlns:xsi="http://www.w3.org/2001/XMLSchema-instance" xsi:noNamespaceSchemaLocation="https://maven.apache.org/surefire/maven-failsafe-plugin/xsd/failsafe-test-report.xsd" name="com.mycompany.app.AppTest" time="17.627" tests="4" errors="0" skipped="0" failures="0">
  <properties>
[...]
</properties>
  <testcase name="registerUserTest" classname="com.mycompany.app.AppTest" time="8.575"/>
  <testcase name="getUsersTest" classname="com.mycompany.app.AppTest" time="0.621"/>
  <testcase name="factTest" classname="com.mycompany.app.AppTest" time="1.131"/>
  <testcase name="updateUserTest" classname="com.mycompany.app.AppTest" time="0.858"/>
</testsuite>